<?xml version="1.0" encoding="UTF-8"?>
<testng-results ignored="0" total="1" passed="1" failed="0" skipped="0">
  <reporter-output>
  </reporter-output>
  <suite started-at="2022-11-04T06:53:52 PDT" name="Surefire suite" finished-at="2022-11-04T06:53:53 PDT" duration-ms="83">
    <groups>
    </groups>
    <test started-at="2022-11-04T06:53:52 PDT" name="Surefire test" finished-at="2022-11-04T06:53:53 PDT" duration-ms="83">
      <class name="com.mycompany.app.May_selenium_2022_eclipse.AppTest">
        <test-method signature="shouldAnswerWithTrue()" started-at="2022-11-04T06:53:53 PDT" name="shouldAnswerWithTrue" finished-at="2022-11-04T06:53:53 PDT" duration-ms="9" status="PASS">
          <reporter-output>
          </reporter-output>
        </test-method> <!-- shouldAnswerWithTrue -->
      </class> <!-- com.mycompany.app.May_selenium_2022_eclipse.AppTest -->
    </test> <!-- Surefire test -->
  </suite> <!-- Surefire suite -->
</testng-results>
