<?xml version="1.0" encoding="UTF-8"?>
<testng-results ignored="0" total="1" passed="1" failed="0" skipped="0">
  <reporter-output>
  </reporter-output>
  <suite started-at="2022-11-04T06:53:52 PDT" name="Surefire suite" finished-at="2022-11-04T06:53:52 PDT" duration-ms="115">
    <groups>
    </groups>
    <test started-at="2022-11-04T06:53:52 PDT" name="Surefire test" finished-at="2022-11-04T06:53:52 PDT" duration-ms="115">
      <class name="com.mycompany.app.May_selenium_2022_eclipse.NewTest">
        <test-method is-config="true" signature="beforeSuite()[pri:0, instance:com.mycompany.app.May_selenium_2022_eclipse.NewTest@233fe9b6]" started-at="2022-11-04T06:53:52 PDT" name="beforeSuite" finished-at="2022-11-04T06:53:52 PDT" duration-ms="26" status="PASS">
          <reporter-output>
          </reporter-output>
        </test-method> <!-- beforeSuite -->
        <test-method is-config="true" signature="beforeTest()[pri:0, instance:com.mycompany.app.May_selenium_2022_eclipse.NewTest@233fe9b6]" started-at="2022-11-04T06:53:52 PDT" name="beforeTest" finished-at="2022-11-04T06:53:52 PDT" duration-ms="0" status="PASS">
          <reporter-output>
          </reporter-output>
        </test-method> <!-- beforeTest -->
        <test-method is-config="true" signature="beforeClass()[pri:0, instance:com.mycompany.app.May_selenium_2022_eclipse.NewTest@233fe9b6]" started-at="2022-11-04T06:53:52 PDT" name="beforeClass" finished-at="2022-11-04T06:53:52 PDT" duration-ms="0" status="PASS">
          <reporter-output>
          </reporter-output>
        </test-method> <!-- beforeClass -->
        <test-method is-config="true" signature="beforeMethod()[pri:0, instance:com.mycompany.app.May_selenium_2022_eclipse.NewTest@233fe9b6]" started-at="2022-11-04T06:53:52 PDT" name="beforeMethod" finished-at="2022-11-04T06:53:52 PDT" duration-ms="2" status="PASS">
          <reporter-output>
          </reporter-output>
        </test-method> <!-- beforeMethod -->
        <test-method signature="f()[pri:0, instance:com.mycompany.app.May_selenium_2022_eclipse.NewTest@233fe9b6]" started-at="2022-11-04T06:53:52 PDT" name="f" finished-at="2022-11-04T06:53:52 PDT" duration-ms="4" status="PASS">
          <reporter-output>
          </reporter-output>
        </test-method> <!-- f -->
        <test-method is-config="true" signature="afterMethod()[pri:0, instance:com.mycompany.app.May_selenium_2022_eclipse.NewTest@233fe9b6]" started-at="2022-11-04T06:53:52 PDT" name="afterMethod" finished-at="2022-11-04T06:53:52 PDT" duration-ms="1" status="PASS">
          <reporter-output>
          </reporter-output>
        </test-method> <!-- afterMethod -->
        <test-method is-config="true" signature="afterClass()[pri:0, instance:com.mycompany.app.May_selenium_2022_eclipse.NewTest@233fe9b6]" started-at="2022-11-04T06:53:52 PDT" name="afterClass" finished-at="2022-11-04T06:53:52 PDT" duration-ms="1" status="PASS">
          <reporter-output>
          </reporter-output>
        </test-method> <!-- afterClass -->
        <test-method is-config="true" signature="afterTest()[pri:0, instance:com.mycompany.app.May_selenium_2022_eclipse.NewTest@233fe9b6]" started-at="2022-11-04T06:53:52 PDT" name="afterTest" finished-at="2022-11-04T06:53:52 PDT" duration-ms="1" status="PASS">
          <reporter-output>
          </reporter-output>
        </test-method> <!-- afterTest -->
        <test-method is-config="true" signature="afterSuite()[pri:0, instance:com.mycompany.app.May_selenium_2022_eclipse.NewTest@233fe9b6]" started-at="2022-11-04T06:53:52 PDT" name="afterSuite" finished-at="2022-11-04T06:53:52 PDT" duration-ms="1" status="PASS">
          <reporter-output>
          </reporter-output>
        </test-method> <!-- afterSuite -->
      </class> <!-- com.mycompany.app.May_selenium_2022_eclipse.NewTest -->
    </test> <!-- Surefire test -->
  </suite> <!-- Surefire suite -->
</testng-results>
